Vivado Simulator 2018.3
Time resolution is 1 ps
00000000010000110010000000100000
00100000010010100000000000000100
10001100010001000000000000000100
10101100010001010000000000001000
10000000010001100000000000000000
10000000010001100000000000000001
10000000010001100000000000000010
10000000010001100000000000000011
10010000010001110000000000000000
10010000010001110000000000000001
10010000010001110000000000000010
10010000010001110000000000000011
10000100010010000000000000000000
10000100010010000000000000000010
10010100010010010000000000000000
10010100010010010000000000000010
00000000100000110001000000100010
00000000100000110001000000100101
00110100100000100000000000000100
00000000100000110001000000100100
00000000100000110001000000101010
00010000011000110000000000000010
00010100011000000000000000000011
10001100011000100000000000000000
00010000011001000000000000000010
10101100011000100000000000000000
00000001011011000110100000100000
00001000000000000000110000000000
