\BOOKMARK [1][-]{section.1}{\376\377\133\236\232\214\166\356\166\204}{}% 1
\BOOKMARK [1][-]{section.2}{\376\377\133\236\232\214\121\103\126\150\116\366}{}% 2
\BOOKMARK [1][-]{section.3}{\376\377\133\236\232\214\116\373\122\241}{}% 3
\BOOKMARK [1][-]{section.4}{\376\377\133\236\232\214\123\237\164\006}{}% 4
\BOOKMARK [2][-]{subsection.4.1}{\376\377\000M\000O\000S\000F\000E\000T\121\161\156\220\145\076\131\047\165\065\215\357\133\211\210\305\060\001\214\003\213\325\123\312\155\113\213\325}{section.4}% 5
\BOOKMARK [1][-]{section.5}{\376\377\133\236\232\214\217\307\172\013}{}% 6
\BOOKMARK [2][-]{subsection.5.1}{\376\377\000M\000u\000l\000t\000i\000s\000i\000m\000\040\116\377\167\037}{section.5}% 7
\BOOKMARK [3][-]{subsubsection.5.1.1}{\376\377\000D\000C\000\040\000O\000p\000e\000r\000a\000t\000i\000n\000g\000\040\000P\000o\000i\000n\000t\000\040\152\041\142\337\166\364\155\101\227\131\140\001\135\345\117\134\160\271}{subsection.5.1}% 8
\BOOKMARK [3][-]{subsubsection.5.1.2}{\376\377\000S\000i\000n\000g\000l\000e\000\040\000f\000r\000e\000q\000u\000e\000n\000c\000y\000\040\000a\000c\000\040\000a\000n\000a\000l\000y\000s\000i\000s\000\040\137\227\122\060\217\223\121\145\217\223\121\372\165\065\123\213\146\362\176\277}{subsection.5.1}% 9
\BOOKMARK [3][-]{subsubsection.5.1.3}{\376\377\000A\000C\000\040\000A\000n\000a\000l\000y\000s\000i\000s\000\040\137\227\122\060\136\105\230\221\162\171\140\047\146\362\176\277}{subsection.5.1}% 10
\BOOKMARK [3][-]{subsubsection.5.1.4}{\376\377\000A\000C\000\040\152\041\137\017\155\113\221\317\217\223\121\145\226\073\142\227}{subsection.5.1}% 11
\BOOKMARK [3][-]{subsubsection.5.1.5}{\376\377\000A\000C\000\040\152\041\137\017\155\113\221\317\217\223\121\372\226\073\142\227}{subsection.5.1}% 12
\BOOKMARK [3][-]{subsubsection.5.1.6}{\376\377\211\302\133\337\131\061\167\037\154\342\137\142}{subsection.5.1}% 13
\BOOKMARK [3][-]{subsubsection.5.1.7}{\376\377\000M\000O\000S\000F\000E\000T\217\223\121\372\162\171\140\047\146\362\176\277\116\377\167\037}{subsection.5.1}% 14
\BOOKMARK [3][-]{subsubsection.5.1.8}{\376\377\000M\000O\000S\000F\000E\000T\217\154\171\373\162\171\140\047\146\362\176\277\116\377\167\037}{subsection.5.1}% 15
\BOOKMARK [2][-]{subsection.5.2}{\376\377\123\125\147\201\000\040\000M\000O\000S\000F\000E\000T\000\040\121\161\156\220\145\076\131\047\165\065\215\357\143\322\147\177\133\236\232\214}{section.5}% 16
\BOOKMARK [3][-]{subsubsection.5.2.1}{\376\377\155\113\213\325\227\131\140\001\135\345\117\134\160\271}{subsection.5.2}% 17
\BOOKMARK [3][-]{subsubsection.5.2.2}{\376\377\155\113\213\325\145\076\131\047\165\065\215\357\166\204\217\223\121\145\060\001\217\223\121\372\154\342\137\142\124\214\220\032\136\046\165\065\123\213\130\236\166\312}{subsection.5.2}% 18
\BOOKMARK [3][-]{subsubsection.5.2.3}{\376\377\155\113\213\325\145\076\131\047\165\065\215\357\166\204\217\223\121\145\165\065\226\073}{subsection.5.2}% 19
\BOOKMARK [3][-]{subsubsection.5.2.4}{\376\377\155\113\213\325\145\076\131\047\165\065\215\357\166\204\217\223\121\372\165\065\226\073}{subsection.5.2}% 20
\BOOKMARK [3][-]{subsubsection.5.2.5}{\376\377\155\113\213\325\145\076\131\047\165\065\215\357\166\204\220\032\230\221\136\046}{subsection.5.2}% 21
\BOOKMARK [3][-]{subsubsection.5.2.6}{\376\377\211\302\133\337\131\061\167\037\154\342\137\142}{subsection.5.2}% 22
\BOOKMARK [1][-]{section.6}{\376\377\133\236\232\214\134\017\176\323}{}% 23
