\BOOKMARK [1][-]{section.1}{\376\377\133\236\232\214\166\356\166\204}{}% 1
\BOOKMARK [1][-]{section.2}{\376\377\133\236\232\214\121\103\126\150\116\366}{}% 2
\BOOKMARK [1][-]{section.3}{\376\377\133\236\232\214\116\373\122\241}{}% 3
\BOOKMARK [2][-]{subsection.3.1}{\376\377\000\040\000\040\116\373\122\241\0001\000:\000\040\170\024\172\166\165\065\123\213\215\337\226\217\126\150\166\204\117\134\165\050}{section.3}% 4
\BOOKMARK [3][-]{subsubsection.3.1.1}{\376\377\133\236\232\214\123\237\164\006\123\312\165\065\215\357}{subsection.3.1}% 5
\BOOKMARK [3][-]{subsubsection.3.1.2}{\376\377\133\236\232\214\217\307\172\013}{subsection.3.1}% 6
\BOOKMARK [2][-]{subsection.3.2}{\376\377\000\040\000\040\116\373\122\241\0002\000:\000\040\123\315\166\370\153\324\117\213\122\240\154\325\217\320\173\227\165\065\215\357\155\113\213\325}{section.3}% 7
\BOOKMARK [3][-]{subsubsection.3.2.1}{\376\377\133\236\232\214\123\237\164\006\123\312\165\065\215\357}{subsection.3.2}% 8
\BOOKMARK [3][-]{subsubsection.3.2.2}{\376\377\133\236\232\214\217\307\172\013}{subsection.3.2}% 9
\BOOKMARK [2][-]{subsection.3.3}{\376\377\000\040\000\040\116\373\122\241\0003\000:\000\040\153\324\117\213\171\357\122\006\165\065\215\357\155\113\213\325}{section.3}% 10
\BOOKMARK [3][-]{subsubsection.3.3.1}{\376\377\133\236\232\214\123\237\164\006\123\312\165\065\215\357}{subsection.3.3}% 11
\BOOKMARK [3][-]{subsubsection.3.3.2}{\376\377\133\236\232\214\217\307\172\013}{subsection.3.3}% 12
\BOOKMARK [2][-]{subsection.3.4}{\376\377\000\040\000\040\116\373\122\241\0004\000:\000\040\170\024\172\166\116\244\155\101\116\352\210\150\145\076\131\047\126\150\166\204\140\047\200\375}{section.3}% 13
\BOOKMARK [3][-]{subsubsection.3.4.1}{\376\377\133\236\232\214\123\237\164\006\123\312\165\065\215\357}{subsection.3.4}% 14
\BOOKMARK [3][-]{subsubsection.3.4.2}{\376\377\133\236\232\214\217\307\172\013}{subsection.3.4}% 15
\BOOKMARK [1][-]{section.4}{\376\377\133\236\232\214\122\006\147\220}{}% 16
\BOOKMARK [2][-]{subsection.4.1}{\376\377\116\373\122\241\0001\000:\000\040\170\024\172\166\165\065\123\213\215\337\226\217\126\150\166\204\117\134\165\050}{section.4}% 17
\BOOKMARK [2][-]{subsection.4.2}{\376\377\116\373\122\241\0002\000:\000\040\123\315\166\370\153\324\117\213\122\240\154\325\217\320\173\227\165\065\215\357\155\113\213\325}{section.4}% 18
\BOOKMARK [2][-]{subsection.4.3}{\376\377\116\373\122\241\0003\000:\000\040\153\324\117\213\171\357\122\006\165\065\215\357\155\113\213\325}{section.4}% 19
\BOOKMARK [2][-]{subsection.4.4}{\376\377\116\373\122\241\0004\000:\000\040\170\024\172\166\116\244\155\101\116\352\210\150\145\076\131\047\126\150\166\204\140\047\200\375}{section.4}% 20
\BOOKMARK [1][-]{section.5}{\376\377\133\236\232\214\140\073\176\323}{}% 21
